2026-02-20 14:30:10 [main] WARN  c.a.c.n.c.NacosPropertySourceBuilder - Ignore the empty nacos configuration and get it based on dataId[sms-service] & group[DEFAULT_GROUP]
2026-02-20 14:30:10 [main] WARN  c.a.c.n.c.NacosPropertySourceBuilder - Ignore the empty nacos configuration and get it based on dataId[sms-service.yml] & group[DEFAULT_GROUP]
2026-02-20 14:30:10 [main] INFO  o.s.c.b.c.PropertySourceBootstrapConfiguration - Located property source: [BootstrapPropertySource {name='bootstrapProperties-sms-service.yml,DEFAULT_GROUP'}, BootstrapPropertySource {name='bootstrapProperties-sms-service,DEFAULT_GROUP'}, BootstrapPropertySource {name='bootstrapProperties-share-data.yml,DEFAULT_GROUP'}]
2026-02-20 14:30:10 [main] INFO  com.sms.SmsApplication - No active profile set, falling back to 1 default profile: "default"
2026-02-20 14:30:10 [main] INFO  o.s.d.r.c.RepositoryConfigurationDelegate - Multiple Spring Data modules found, entering strict repository configuration mode
2026-02-20 14:30:10 [main] INFO  o.s.d.r.c.RepositoryConfigurationDelegate - Bootstrapping Spring Data Redis repositories in DEFAULT mode.
2026-02-20 14:30:10 [main] INFO  o.s.d.r.c.RepositoryConfigurationDelegate - Finished Spring Data repository scanning in 4 ms. Found 0 Redis repository interfaces.
2026-02-20 14:30:10 [main] INFO  o.s.cloud.context.scope.GenericScope - BeanFactory id=7f48c8c7-f882-3397-a4f0-bcd1ab1f3042
2026-02-20 14:30:10 [main] INFO  o.s.b.w.e.tomcat.TomcatWebServer - Tomcat initialized with port(s): 25900 (http)
2026-02-20 14:30:10 [main] INFO  o.a.catalina.core.StandardService - Starting service [Tomcat]
2026-02-20 14:30:10 [main] INFO  o.a.catalina.core.StandardEngine - Starting Servlet engine: [Apache Tomcat/9.0.68]
2026-02-20 14:30:10 [main] INFO  o.a.c.c.C.[Tomcat].[localhost].[/] - Initializing Spring embedded WebApplicationContext
2026-02-20 14:30:10 [main] INFO  o.s.b.w.s.c.ServletWebServerApplicationContext - Root WebApplicationContext: initialization completed in 779 ms
2026-02-20 14:30:11 [main] WARN  o.s.c.l.c.LoadBalancerCacheAutoConfiguration$LoadBalancerCaffeineWarnLogger - Spring Cloud LoadBalancer is currently working with the default cache. While this cache implementation is useful for development and tests, it's recommended to use Caffeine cache in production.You can switch to using Caffeine cache, by adding it and org.springframework.cache.caffeine.CaffeineCacheManager to the classpath.
2026-02-20 14:30:12 [main] INFO  o.s.b.w.e.tomcat.TomcatWebServer - Tomcat started on port(s): 25900 (http) with context path ''
2026-02-20 14:30:12 [main] INFO  c.a.n.p.a.s.c.ClientAuthPluginManager - [ClientAuthPluginManager] Load ClientAuthService com.alibaba.nacos.client.auth.impl.NacosClientAuthServiceImpl success.
2026-02-20 14:30:12 [main] INFO  c.a.n.p.a.s.c.ClientAuthPluginManager - [ClientAuthPluginManager] Load ClientAuthService com.alibaba.nacos.client.auth.ram.RamClientAuthServiceImpl success.
2026-02-20 14:30:12 [main] INFO  c.a.c.n.r.NacosServiceRegistry - nacos registry, DEFAULT_GROUP sms-service 192.168.110.38:25900 register finished
2026-02-20 14:30:12 [main] INFO  com.sms.SmsApplication - Started SmsApplication in 3.952 seconds (JVM running for 4.691)
2026-02-20 14:30:12 [main] INFO  c.a.c.n.r.NacosContextRefresher - [Nacos Config] Listening config: dataId=sms-service, group=DEFAULT_GROUP
2026-02-20 14:30:12 [main] INFO  c.a.c.n.r.NacosContextRefresher - [Nacos Config] Listening config: dataId=sms-service.yml, group=DEFAULT_GROUP
2026-02-20 14:30:12 [main] INFO  c.a.c.n.r.NacosContextRefresher - [Nacos Config] Listening config: dataId=share-data.yml, group=DEFAULT_GROUP
2026-02-20 15:04:14 [http-nio-25900-exec-1] INFO  o.a.c.c.C.[Tomcat].[localhost].[/] - Initializing Spring DispatcherServlet 'dispatcherServlet'
2026-02-20 15:04:14 [http-nio-25900-exec-1] INFO  o.s.web.servlet.DispatcherServlet - Initializing Servlet 'dispatcherServlet'
2026-02-20 15:04:14 [http-nio-25900-exec-1] INFO  o.s.web.servlet.DispatcherServlet - Completed initialization in 6 ms
2026-02-20 15:04:15 [http-nio-25900-exec-1] INFO  com.sms.service.SmsService - 向 19862749999 发送验证码 [805779]
2026-02-20 15:19:04 [http-nio-25900-exec-3] INFO  com.sms.service.SmsService - 向 19862749999 发送验证码 [388981]
2026-02-20 15:56:32 [main] WARN  c.a.c.n.c.NacosPropertySourceBuilder - Ignore the empty nacos configuration and get it based on dataId[sms-service] & group[DEFAULT_GROUP]
2026-02-20 15:56:32 [main] WARN  c.a.c.n.c.NacosPropertySourceBuilder - Ignore the empty nacos configuration and get it based on dataId[sms-service.yml] & group[DEFAULT_GROUP]
2026-02-20 15:56:32 [main] INFO  o.s.c.b.c.PropertySourceBootstrapConfiguration - Located property source: [BootstrapPropertySource {name='bootstrapProperties-sms-service.yml,DEFAULT_GROUP'}, BootstrapPropertySource {name='bootstrapProperties-sms-service,DEFAULT_GROUP'}, BootstrapPropertySource {name='bootstrapProperties-share-data.yml,DEFAULT_GROUP'}]
2026-02-20 15:56:32 [main] INFO  com.sms.SmsApplication - No active profile set, falling back to 1 default profile: "default"
2026-02-20 15:56:32 [main] INFO  o.s.d.r.c.RepositoryConfigurationDelegate - Multiple Spring Data modules found, entering strict repository configuration mode
2026-02-20 15:56:32 [main] INFO  o.s.d.r.c.RepositoryConfigurationDelegate - Bootstrapping Spring Data Redis repositories in DEFAULT mode.
2026-02-20 15:56:32 [main] INFO  o.s.d.r.c.RepositoryConfigurationDelegate - Finished Spring Data repository scanning in 3 ms. Found 0 Redis repository interfaces.
2026-02-20 15:56:32 [main] INFO  o.s.cloud.context.scope.GenericScope - BeanFactory id=7f48c8c7-f882-3397-a4f0-bcd1ab1f3042
2026-02-20 15:56:33 [main] INFO  o.s.b.w.e.tomcat.TomcatWebServer - Tomcat initialized with port(s): 25900 (http)
2026-02-20 15:56:33 [main] INFO  o.a.catalina.core.StandardService - Starting service [Tomcat]
2026-02-20 15:56:33 [main] INFO  o.a.catalina.core.StandardEngine - Starting Servlet engine: [Apache Tomcat/9.0.68]
2026-02-20 15:56:33 [main] INFO  o.a.c.c.C.[Tomcat].[localhost].[/] - Initializing Spring embedded WebApplicationContext
2026-02-20 15:56:33 [main] INFO  o.s.b.w.s.c.ServletWebServerApplicationContext - Root WebApplicationContext: initialization completed in 642 ms
2026-02-20 15:56:33 [main] WARN  o.s.c.l.c.LoadBalancerCacheAutoConfiguration$LoadBalancerCaffeineWarnLogger - Spring Cloud LoadBalancer is currently working with the default cache. While this cache implementation is useful for development and tests, it's recommended to use Caffeine cache in production.You can switch to using Caffeine cache, by adding it and org.springframework.cache.caffeine.CaffeineCacheManager to the classpath.
2026-02-20 15:56:33 [main] WARN  o.s.b.w.s.c.AnnotationConfigServletWebServerApplicationContext - Exception encountered during context initialization - cancelling refresh attempt: org.springframework.context.ApplicationContextException: Failed to start bean 'webServerStartStop'; nested exception is org.springframework.boot.web.server.PortInUseException: Port 25900 is already in use
2026-02-20 15:56:34 [main] INFO  o.a.catalina.core.StandardService - Stopping service [Tomcat]
2026-02-20 15:56:34 [main] INFO  o.s.b.a.l.ConditionEvaluationReportLoggingListener - 

Error starting ApplicationContext. To display the conditions report re-run your application with 'debug' enabled.
2026-02-20 15:56:34 [main] ERROR o.s.b.d.LoggingFailureAnalysisReporter - 

***************************
APPLICATION FAILED TO START
***************************

Description:

Web server failed to start. Port 25900 was already in use.

Action:

Identify and stop the process that's listening on port 25900 or configure this application to listen on another port.

2026-02-20 15:56:34 [Thread-1] WARN  c.a.n.c.http.HttpClientBeanHolder - [HttpClientBeanHolder] Start destroying common HttpClient
2026-02-20 15:56:34 [Thread-7] WARN  c.a.nacos.common.notify.NotifyCenter - [NotifyCenter] Start destroying Publisher
2026-02-20 15:56:34 [Thread-7] WARN  c.a.nacos.common.notify.NotifyCenter - [NotifyCenter] Destruction of the end
2026-02-20 15:57:04 [main] WARN  c.a.c.n.c.NacosPropertySourceBuilder - Ignore the empty nacos configuration and get it based on dataId[sms-service] & group[DEFAULT_GROUP]
2026-02-20 15:57:04 [main] WARN  c.a.c.n.c.NacosPropertySourceBuilder - Ignore the empty nacos configuration and get it based on dataId[sms-service.yml] & group[DEFAULT_GROUP]
2026-02-20 15:57:04 [main] INFO  o.s.c.b.c.PropertySourceBootstrapConfiguration - Located property source: [BootstrapPropertySource {name='bootstrapProperties-sms-service.yml,DEFAULT_GROUP'}, BootstrapPropertySource {name='bootstrapProperties-sms-service,DEFAULT_GROUP'}, BootstrapPropertySource {name='bootstrapProperties-share-data.yml,DEFAULT_GROUP'}]
2026-02-20 15:57:04 [main] INFO  com.sms.SmsApplication - No active profile set, falling back to 1 default profile: "default"
2026-02-20 15:57:04 [main] INFO  o.s.d.r.c.RepositoryConfigurationDelegate - Multiple Spring Data modules found, entering strict repository configuration mode
2026-02-20 15:57:04 [main] INFO  o.s.d.r.c.RepositoryConfigurationDelegate - Bootstrapping Spring Data Redis repositories in DEFAULT mode.
2026-02-20 15:57:04 [main] INFO  o.s.d.r.c.RepositoryConfigurationDelegate - Finished Spring Data repository scanning in 3 ms. Found 0 Redis repository interfaces.
2026-02-20 15:57:04 [main] INFO  o.s.cloud.context.scope.GenericScope - BeanFactory id=7f48c8c7-f882-3397-a4f0-bcd1ab1f3042
2026-02-20 15:57:04 [main] INFO  o.s.b.w.e.tomcat.TomcatWebServer - Tomcat initialized with port(s): 25900 (http)
2026-02-20 15:57:04 [main] INFO  o.a.catalina.core.StandardService - Starting service [Tomcat]
2026-02-20 15:57:04 [main] INFO  o.a.catalina.core.StandardEngine - Starting Servlet engine: [Apache Tomcat/9.0.68]
2026-02-20 15:57:04 [main] INFO  o.a.c.c.C.[Tomcat].[localhost].[/] - Initializing Spring embedded WebApplicationContext
2026-02-20 15:57:04 [main] INFO  o.s.b.w.s.c.ServletWebServerApplicationContext - Root WebApplicationContext: initialization completed in 583 ms
2026-02-20 15:57:05 [main] WARN  o.s.c.l.c.LoadBalancerCacheAutoConfiguration$LoadBalancerCaffeineWarnLogger - Spring Cloud LoadBalancer is currently working with the default cache. While this cache implementation is useful for development and tests, it's recommended to use Caffeine cache in production.You can switch to using Caffeine cache, by adding it and org.springframework.cache.caffeine.CaffeineCacheManager to the classpath.
2026-02-20 15:57:05 [main] WARN  o.s.b.w.s.c.AnnotationConfigServletWebServerApplicationContext - Exception encountered during context initialization - cancelling refresh attempt: org.springframework.context.ApplicationContextException: Failed to start bean 'webServerStartStop'; nested exception is org.springframework.boot.web.server.PortInUseException: Port 25900 is already in use
2026-02-20 15:57:05 [main] INFO  o.a.catalina.core.StandardService - Stopping service [Tomcat]
2026-02-20 15:57:05 [main] INFO  o.s.b.a.l.ConditionEvaluationReportLoggingListener - 

Error starting ApplicationContext. To display the conditions report re-run your application with 'debug' enabled.
2026-02-20 15:57:05 [main] ERROR o.s.b.d.LoggingFailureAnalysisReporter - 

***************************
APPLICATION FAILED TO START
***************************

Description:

Web server failed to start. Port 25900 was already in use.

Action:

Identify and stop the process that's listening on port 25900 or configure this application to listen on another port.

2026-02-20 15:57:06 [Thread-7] WARN  c.a.nacos.common.notify.NotifyCenter - [NotifyCenter] Start destroying Publisher
2026-02-20 15:57:06 [Thread-1] WARN  c.a.n.c.http.HttpClientBeanHolder - [HttpClientBeanHolder] Start destroying common HttpClient
2026-02-20 15:57:06 [Thread-7] WARN  c.a.nacos.common.notify.NotifyCenter - [NotifyCenter] Destruction of the end
2026-02-20 15:57:06 [Thread-1] WARN  c.a.n.c.http.HttpClientBeanHolder - [HttpClientBeanHolder] Destruction of the end
2026-02-20 16:01:03 [main] WARN  c.a.c.n.c.NacosPropertySourceBuilder - Ignore the empty nacos configuration and get it based on dataId[sms-service] & group[DEFAULT_GROUP]
2026-02-20 16:01:03 [main] WARN  c.a.c.n.c.NacosPropertySourceBuilder - Ignore the empty nacos configuration and get it based on dataId[sms-service.yml] & group[DEFAULT_GROUP]
2026-02-20 16:01:03 [main] INFO  o.s.c.b.c.PropertySourceBootstrapConfiguration - Located property source: [BootstrapPropertySource {name='bootstrapProperties-sms-service.yml,DEFAULT_GROUP'}, BootstrapPropertySource {name='bootstrapProperties-sms-service,DEFAULT_GROUP'}, BootstrapPropertySource {name='bootstrapProperties-share-data.yml,DEFAULT_GROUP'}]
2026-02-20 16:01:03 [main] INFO  com.sms.SmsApplication - No active profile set, falling back to 1 default profile: "default"
2026-02-20 16:01:03 [main] INFO  o.s.d.r.c.RepositoryConfigurationDelegate - Multiple Spring Data modules found, entering strict repository configuration mode
2026-02-20 16:01:03 [main] INFO  o.s.d.r.c.RepositoryConfigurationDelegate - Bootstrapping Spring Data Redis repositories in DEFAULT mode.
2026-02-20 16:01:03 [main] INFO  o.s.d.r.c.RepositoryConfigurationDelegate - Finished Spring Data repository scanning in 3 ms. Found 0 Redis repository interfaces.
2026-02-20 16:01:03 [main] INFO  o.s.cloud.context.scope.GenericScope - BeanFactory id=7f48c8c7-f882-3397-a4f0-bcd1ab1f3042
2026-02-20 16:01:03 [main] INFO  o.s.b.w.e.tomcat.TomcatWebServer - Tomcat initialized with port(s): 25900 (http)
2026-02-20 16:01:03 [main] INFO  o.a.catalina.core.StandardService - Starting service [Tomcat]
2026-02-20 16:01:03 [main] INFO  o.a.catalina.core.StandardEngine - Starting Servlet engine: [Apache Tomcat/9.0.68]
2026-02-20 16:01:04 [main] INFO  o.a.c.c.C.[Tomcat].[localhost].[/] - Initializing Spring embedded WebApplicationContext
2026-02-20 16:01:04 [main] INFO  o.s.b.w.s.c.ServletWebServerApplicationContext - Root WebApplicationContext: initialization completed in 594 ms
2026-02-20 16:01:04 [main] WARN  o.s.c.l.c.LoadBalancerCacheAutoConfiguration$LoadBalancerCaffeineWarnLogger - Spring Cloud LoadBalancer is currently working with the default cache. While this cache implementation is useful for development and tests, it's recommended to use Caffeine cache in production.You can switch to using Caffeine cache, by adding it and org.springframework.cache.caffeine.CaffeineCacheManager to the classpath.
2026-02-20 16:01:04 [main] WARN  o.s.b.w.s.c.AnnotationConfigServletWebServerApplicationContext - Exception encountered during context initialization - cancelling refresh attempt: org.springframework.context.ApplicationContextException: Failed to start bean 'webServerStartStop'; nested exception is org.springframework.boot.web.server.PortInUseException: Port 25900 is already in use
2026-02-20 16:01:04 [main] INFO  o.a.catalina.core.StandardService - Stopping service [Tomcat]
2026-02-20 16:01:04 [main] INFO  o.s.b.a.l.ConditionEvaluationReportLoggingListener - 

Error starting ApplicationContext. To display the conditions report re-run your application with 'debug' enabled.
2026-02-20 16:01:04 [main] ERROR o.s.b.d.LoggingFailureAnalysisReporter - 

***************************
APPLICATION FAILED TO START
***************************

Description:

Web server failed to start. Port 25900 was already in use.

Action:

Identify and stop the process that's listening on port 25900 or configure this application to listen on another port.

2026-02-20 16:01:05 [Thread-1] WARN  c.a.n.c.http.HttpClientBeanHolder - [HttpClientBeanHolder] Start destroying common HttpClient
2026-02-20 16:01:05 [Thread-7] WARN  c.a.nacos.common.notify.NotifyCenter - [NotifyCenter] Start destroying Publisher
2026-02-20 16:01:05 [Thread-7] WARN  c.a.nacos.common.notify.NotifyCenter - [NotifyCenter] Destruction of the end
2026-02-20 16:01:47 [main] WARN  c.a.c.n.c.NacosPropertySourceBuilder - Ignore the empty nacos configuration and get it based on dataId[sms-service] & group[DEFAULT_GROUP]
2026-02-20 16:01:47 [main] WARN  c.a.c.n.c.NacosPropertySourceBuilder - Ignore the empty nacos configuration and get it based on dataId[sms-service.yml] & group[DEFAULT_GROUP]
2026-02-20 16:01:47 [main] INFO  o.s.c.b.c.PropertySourceBootstrapConfiguration - Located property source: [BootstrapPropertySource {name='bootstrapProperties-sms-service.yml,DEFAULT_GROUP'}, BootstrapPropertySource {name='bootstrapProperties-sms-service,DEFAULT_GROUP'}, BootstrapPropertySource {name='bootstrapProperties-share-data.yml,DEFAULT_GROUP'}]
2026-02-20 16:01:47 [main] INFO  com.sms.SmsApplication - No active profile set, falling back to 1 default profile: "default"
2026-02-20 16:01:48 [main] INFO  o.s.d.r.c.RepositoryConfigurationDelegate - Multiple Spring Data modules found, entering strict repository configuration mode
2026-02-20 16:01:48 [main] INFO  o.s.d.r.c.RepositoryConfigurationDelegate - Bootstrapping Spring Data Redis repositories in DEFAULT mode.
2026-02-20 16:01:48 [main] INFO  o.s.d.r.c.RepositoryConfigurationDelegate - Finished Spring Data repository scanning in 5 ms. Found 0 Redis repository interfaces.
2026-02-20 16:01:48 [main] INFO  o.s.cloud.context.scope.GenericScope - BeanFactory id=7f48c8c7-f882-3397-a4f0-bcd1ab1f3042
2026-02-20 16:01:48 [main] INFO  o.s.b.w.e.tomcat.TomcatWebServer - Tomcat initialized with port(s): 25900 (http)
2026-02-20 16:01:48 [main] INFO  o.a.catalina.core.StandardService - Starting service [Tomcat]
2026-02-20 16:01:48 [main] INFO  o.a.catalina.core.StandardEngine - Starting Servlet engine: [Apache Tomcat/9.0.68]
2026-02-20 16:01:48 [main] INFO  o.a.c.c.C.[Tomcat].[localhost].[/] - Initializing Spring embedded WebApplicationContext
2026-02-20 16:01:48 [main] INFO  o.s.b.w.s.c.ServletWebServerApplicationContext - Root WebApplicationContext: initialization completed in 710 ms
2026-02-20 16:01:49 [main] WARN  o.s.c.l.c.LoadBalancerCacheAutoConfiguration$LoadBalancerCaffeineWarnLogger - Spring Cloud LoadBalancer is currently working with the default cache. While this cache implementation is useful for development and tests, it's recommended to use Caffeine cache in production.You can switch to using Caffeine cache, by adding it and org.springframework.cache.caffeine.CaffeineCacheManager to the classpath.
2026-02-20 16:01:49 [main] INFO  o.s.b.w.e.tomcat.TomcatWebServer - Tomcat started on port(s): 25900 (http) with context path ''
2026-02-20 16:01:49 [main] INFO  c.a.n.p.a.s.c.ClientAuthPluginManager - [ClientAuthPluginManager] Load ClientAuthService com.alibaba.nacos.client.auth.impl.NacosClientAuthServiceImpl success.
2026-02-20 16:01:49 [main] INFO  c.a.n.p.a.s.c.ClientAuthPluginManager - [ClientAuthPluginManager] Load ClientAuthService com.alibaba.nacos.client.auth.ram.RamClientAuthServiceImpl success.
2026-02-20 16:01:49 [main] INFO  c.a.c.n.r.NacosServiceRegistry - nacos registry, DEFAULT_GROUP sms-service 192.168.110.38:25900 register finished
2026-02-20 16:01:49 [main] INFO  com.sms.SmsApplication - Started SmsApplication in 3.163 seconds (JVM running for 3.606)
2026-02-20 16:01:49 [main] INFO  c.a.c.n.r.NacosContextRefresher - [Nacos Config] Listening config: dataId=sms-service, group=DEFAULT_GROUP
2026-02-20 16:01:49 [main] INFO  c.a.c.n.r.NacosContextRefresher - [Nacos Config] Listening config: dataId=sms-service.yml, group=DEFAULT_GROUP
2026-02-20 16:01:49 [main] INFO  c.a.c.n.r.NacosContextRefresher - [Nacos Config] Listening config: dataId=share-data.yml, group=DEFAULT_GROUP
2026-02-20 23:05:07 [Thread-7] WARN  c.a.nacos.common.notify.NotifyCenter - [NotifyCenter] Start destroying Publisher
2026-02-20 23:05:07 [Thread-1] WARN  c.a.n.c.http.HttpClientBeanHolder - [HttpClientBeanHolder] Start destroying common HttpClient
2026-02-20 23:05:07 [Thread-7] WARN  c.a.nacos.common.notify.NotifyCenter - [NotifyCenter] Destruction of the end
2026-02-20 23:05:07 [Thread-1] WARN  c.a.n.c.http.HttpClientBeanHolder - [HttpClientBeanHolder] Destruction of the end
2026-02-20 23:05:07 [SpringApplicationShutdownHook] INFO  c.a.c.n.r.NacosServiceRegistry - De-registering from Nacos Server now...
2026-02-20 23:05:07 [SpringApplicationShutdownHook] INFO  c.a.c.n.r.NacosServiceRegistry - De-registration finished.
