2025-02-24 18:58:45 [main] WARN  c.a.c.n.c.NacosPropertySourceBuilder - Ignore the empty nacos configuration and get it based on dataId[scrapped-service] & group[DEFAULT_GROUP]
2025-02-24 18:58:45 [main] WARN  c.a.c.n.c.NacosPropertySourceBuilder - Ignore the empty nacos configuration and get it based on dataId[scrapped-service.properties] & group[DEFAULT_GROUP]
2025-02-24 18:58:45 [main] INFO  o.s.c.b.c.PropertySourceBootstrapConfiguration - Located property source: [BootstrapPropertySource {name='bootstrapProperties-scrapped-service.properties,DEFAULT_GROUP'}, BootstrapPropertySource {name='bootstrapProperties-scrapped-service,DEFAULT_GROUP'}]
2025-02-24 18:58:45 [main] INFO  com.scrapped.ScrappedApplication - No active profile set, falling back to 1 default profile: "default"
2025-02-24 18:58:45 [main] INFO  o.s.d.r.c.RepositoryConfigurationDelegate - Multiple Spring Data modules found, entering strict repository configuration mode
2025-02-24 18:58:45 [main] INFO  o.s.d.r.c.RepositoryConfigurationDelegate - Bootstrapping Spring Data Redis repositories in DEFAULT mode.
2025-02-24 18:58:45 [main] INFO  o.s.d.r.c.RepositoryConfigurationDelegate - Finished Spring Data repository scanning in 4 ms. Found 0 Redis repository interfaces.
2025-02-24 18:58:45 [main] INFO  o.s.cloud.context.scope.GenericScope - BeanFactory id=ecd57d04-01c2-3b63-a8b2-f8bc6f64262b
2025-02-24 18:58:46 [main] INFO  o.s.b.w.e.tomcat.TomcatWebServer - Tomcat initialized with port(s): 25888 (http)
2025-02-24 18:58:46 [main] INFO  o.a.catalina.core.StandardService - Starting service [Tomcat]
2025-02-24 18:58:46 [main] INFO  o.a.catalina.core.StandardEngine - Starting Servlet engine: [Apache Tomcat/9.0.68]
2025-02-24 18:58:46 [main] INFO  o.a.c.c.C.[Tomcat].[localhost].[/] - Initializing Spring embedded WebApplicationContext
2025-02-24 18:58:46 [main] INFO  o.s.b.w.s.c.ServletWebServerApplicationContext - Root WebApplicationContext: initialization completed in 684 ms
2025-02-24 18:58:46 [main] WARN  o.s.c.l.c.LoadBalancerCacheAutoConfiguration$LoadBalancerCaffeineWarnLogger - Spring Cloud LoadBalancer is currently working with the default cache. While this cache implementation is useful for development and tests, it's recommended to use Caffeine cache in production.You can switch to using Caffeine cache, by adding it and org.springframework.cache.caffeine.CaffeineCacheManager to the classpath.
2025-02-24 18:58:47 [main] INFO  o.s.b.w.e.tomcat.TomcatWebServer - Tomcat started on port(s): 25888 (http) with context path ''
2025-02-24 18:58:47 [main] INFO  c.a.n.p.a.s.c.ClientAuthPluginManager - [ClientAuthPluginManager] Load ClientAuthService com.alibaba.nacos.client.auth.impl.NacosClientAuthServiceImpl success.
2025-02-24 18:58:47 [main] INFO  c.a.n.p.a.s.c.ClientAuthPluginManager - [ClientAuthPluginManager] Load ClientAuthService com.alibaba.nacos.client.auth.ram.RamClientAuthServiceImpl success.
2025-02-24 18:58:47 [main] INFO  c.a.c.n.r.NacosServiceRegistry - nacos registry, DEFAULT_GROUP scrapped-service 192.168.31.24:25888 register finished
2025-02-24 18:58:47 [main] INFO  o.s.a.r.c.CachingConnectionFactory - Attempting to connect to: [192.168.136.129:5672]
2025-02-24 18:58:47 [main] INFO  o.s.a.r.c.CachingConnectionFactory - Created new connection: rabbitConnectionFactory#70439c3:0/SimpleConnection@7e28f150 [delegate=amqp://root@192.168.136.129:5672/, localPort= 56772]
2025-02-24 18:58:47 [main] INFO  com.scrapped.ScrappedApplication - Started ScrappedApplication in 3.312 seconds (JVM running for 3.735)
2025-02-24 18:58:47 [main] INFO  c.a.c.n.r.NacosContextRefresher - [Nacos Config] Listening config: dataId=scrapped-service, group=DEFAULT_GROUP
2025-02-24 18:58:47 [main] INFO  c.a.c.n.r.NacosContextRefresher - [Nacos Config] Listening config: dataId=scrapped-service.properties, group=DEFAULT_GROUP
2025-02-24 19:00:24 [Thread-7] WARN  c.a.nacos.common.notify.NotifyCenter - [NotifyCenter] Start destroying Publisher
2025-02-24 19:00:24 [Thread-1] WARN  c.a.n.c.http.HttpClientBeanHolder - [HttpClientBeanHolder] Start destroying common HttpClient
2025-02-24 19:00:24 [Thread-7] WARN  c.a.nacos.common.notify.NotifyCenter - [NotifyCenter] Destruction of the end
2025-02-24 19:00:24 [Thread-1] WARN  c.a.n.c.http.HttpClientBeanHolder - [HttpClientBeanHolder] Destruction of the end
2025-02-24 19:00:24 [org.springframework.amqp.rabbit.RabbitListenerEndpointContainer#0-2] INFO  o.s.a.r.l.SimpleMessageListenerContainer - Waiting for workers to finish.
2025-02-24 19:00:25 [org.springframework.amqp.rabbit.RabbitListenerEndpointContainer#0-2] INFO  o.s.a.r.l.SimpleMessageListenerContainer - Successfully waited for workers to finish.
2025-02-24 19:00:25 [SpringApplicationShutdownHook] INFO  c.a.c.n.r.NacosServiceRegistry - De-registering from Nacos Server now...
2025-02-24 19:00:25 [SpringApplicationShutdownHook] INFO  c.a.c.n.r.NacosServiceRegistry - De-registration finished.
2025-02-24 19:00:25 [SpringApplicationShutdownHook] INFO  o.s.a.r.l.SimpleMessageListenerContainer - Shutdown ignored - container is already stopped
2025-02-24 19:00:25 [SpringApplicationShutdownHook] INFO  c.alibaba.druid.pool.DruidDataSource - {dataSource-0} closing ...
2025-02-24 19:00:55 [main] WARN  c.a.c.n.c.NacosPropertySourceBuilder - Ignore the empty nacos configuration and get it based on dataId[scrapped-service] & group[DEFAULT_GROUP]
2025-02-24 19:00:55 [main] WARN  c.a.c.n.c.NacosPropertySourceBuilder - Ignore the empty nacos configuration and get it based on dataId[scrapped-service.properties] & group[DEFAULT_GROUP]
2025-02-24 19:00:55 [main] INFO  o.s.c.b.c.PropertySourceBootstrapConfiguration - Located property source: [BootstrapPropertySource {name='bootstrapProperties-scrapped-service.properties,DEFAULT_GROUP'}, BootstrapPropertySource {name='bootstrapProperties-scrapped-service,DEFAULT_GROUP'}]
2025-02-24 19:00:55 [main] INFO  com.scrapped.ScrappedApplication - No active profile set, falling back to 1 default profile: "default"
2025-02-24 19:00:55 [main] INFO  o.s.d.r.c.RepositoryConfigurationDelegate - Multiple Spring Data modules found, entering strict repository configuration mode
2025-02-24 19:00:55 [main] INFO  o.s.d.r.c.RepositoryConfigurationDelegate - Bootstrapping Spring Data Redis repositories in DEFAULT mode.
2025-02-24 19:00:55 [main] INFO  o.s.d.r.c.RepositoryConfigurationDelegate - Finished Spring Data repository scanning in 3 ms. Found 0 Redis repository interfaces.
2025-02-24 19:00:55 [main] INFO  o.s.cloud.context.scope.GenericScope - BeanFactory id=ecd57d04-01c2-3b63-a8b2-f8bc6f64262b
2025-02-24 19:00:56 [main] INFO  o.s.b.w.e.tomcat.TomcatWebServer - Tomcat initialized with port(s): 25888 (http)
2025-02-24 19:00:56 [main] INFO  o.a.catalina.core.StandardService - Starting service [Tomcat]
2025-02-24 19:00:56 [main] INFO  o.a.catalina.core.StandardEngine - Starting Servlet engine: [Apache Tomcat/9.0.68]
2025-02-24 19:00:56 [main] INFO  o.a.c.c.C.[Tomcat].[localhost].[/] - Initializing Spring embedded WebApplicationContext
2025-02-24 19:00:56 [main] INFO  o.s.b.w.s.c.ServletWebServerApplicationContext - Root WebApplicationContext: initialization completed in 661 ms
2025-02-24 19:00:57 [main] WARN  o.s.c.l.c.LoadBalancerCacheAutoConfiguration$LoadBalancerCaffeineWarnLogger - Spring Cloud LoadBalancer is currently working with the default cache. While this cache implementation is useful for development and tests, it's recommended to use Caffeine cache in production.You can switch to using Caffeine cache, by adding it and org.springframework.cache.caffeine.CaffeineCacheManager to the classpath.
2025-02-24 19:00:57 [main] INFO  o.s.b.w.e.tomcat.TomcatWebServer - Tomcat started on port(s): 25888 (http) with context path ''
2025-02-24 19:00:57 [main] INFO  c.a.n.p.a.s.c.ClientAuthPluginManager - [ClientAuthPluginManager] Load ClientAuthService com.alibaba.nacos.client.auth.impl.NacosClientAuthServiceImpl success.
2025-02-24 19:00:57 [main] INFO  c.a.n.p.a.s.c.ClientAuthPluginManager - [ClientAuthPluginManager] Load ClientAuthService com.alibaba.nacos.client.auth.ram.RamClientAuthServiceImpl success.
2025-02-24 19:00:57 [main] INFO  c.a.c.n.r.NacosServiceRegistry - nacos registry, DEFAULT_GROUP scrapped-service 192.168.31.24:25888 register finished
2025-02-24 19:00:57 [main] INFO  o.s.a.r.c.CachingConnectionFactory - Attempting to connect to: [192.168.136.129:5672]
2025-02-24 19:00:57 [main] INFO  o.s.a.r.c.CachingConnectionFactory - Created new connection: rabbitConnectionFactory#43756cb:0/SimpleConnection@33563147 [delegate=amqp://root@192.168.136.129:5672/, localPort= 56848]
2025-02-24 19:00:57 [main] INFO  com.scrapped.ScrappedApplication - Started ScrappedApplication in 3.27 seconds (JVM running for 3.693)
2025-02-24 19:00:57 [main] INFO  c.a.c.n.r.NacosContextRefresher - [Nacos Config] Listening config: dataId=scrapped-service, group=DEFAULT_GROUP
2025-02-24 19:00:57 [main] INFO  c.a.c.n.r.NacosContextRefresher - [Nacos Config] Listening config: dataId=scrapped-service.properties, group=DEFAULT_GROUP
2025-02-24 19:09:05 [Thread-1] WARN  c.a.n.c.http.HttpClientBeanHolder - [HttpClientBeanHolder] Start destroying common HttpClient
2025-02-24 19:09:05 [Thread-7] WARN  c.a.nacos.common.notify.NotifyCenter - [NotifyCenter] Start destroying Publisher
2025-02-24 19:09:05 [Thread-7] WARN  c.a.nacos.common.notify.NotifyCenter - [NotifyCenter] Destruction of the end
2025-02-24 19:09:05 [Thread-1] WARN  c.a.n.c.http.HttpClientBeanHolder - [HttpClientBeanHolder] Destruction of the end
2025-02-24 19:09:05 [org.springframework.amqp.rabbit.RabbitListenerEndpointContainer#0-2] INFO  o.s.a.r.l.SimpleMessageListenerContainer - Waiting for workers to finish.
2025-02-24 19:09:06 [org.springframework.amqp.rabbit.RabbitListenerEndpointContainer#0-2] INFO  o.s.a.r.l.SimpleMessageListenerContainer - Successfully waited for workers to finish.
2025-02-24 19:09:06 [SpringApplicationShutdownHook] INFO  c.a.c.n.r.NacosServiceRegistry - De-registering from Nacos Server now...
2025-02-24 19:09:06 [SpringApplicationShutdownHook] INFO  c.a.c.n.r.NacosServiceRegistry - De-registration finished.
2025-02-24 19:09:06 [SpringApplicationShutdownHook] INFO  o.s.a.r.l.SimpleMessageListenerContainer - Shutdown ignored - container is already stopped
2025-02-24 19:09:06 [SpringApplicationShutdownHook] INFO  c.alibaba.druid.pool.DruidDataSource - {dataSource-0} closing ...
